2021-03-20T12:05:07.894 INFO (pid:22431) [services] - registered service "highlight"
2021-03-20T12:05:08.121 INFO (pid:22431) [language-client-index] - highlight started with 22489
2021-03-20T12:05:08.127 WARN (pid:22431) [attach] - Plugin not ready when received "highlight" []
2021-03-20T12:05:08.186 INFO (pid:22431) [plugin] - coc.nvim 0.0.80-0a565835ea initialized with node: v10.24.0 after 410ms
2021-03-20T12:05:13.148 INFO (pid:22431) [completion-complete] - Results from: file
2021-03-20T12:05:33.015 INFO (pid:22431) [attach] - receive request: doKeymap [ 'iPGJzPg==0' ]
2021-03-20T12:05:38.403 INFO (pid:22431) [attach] - receive request: doKeymap [ 'iPGJzPg==0' ]
2021-03-20T12:05:38.584 INFO (pid:22431) [attach] - receive request: doKeymap [ 'iPGJzPg==0' ]
2021-03-20T12:05:38.730 INFO (pid:22431) [attach] - receive request: doKeymap [ 'iPGJzPg==0' ]
2021-03-20T12:05:49.154 INFO (pid:22431) [attach] - receive request: doKeymap [ 'iPGJzPg==0' ]
2021-03-20T12:05:49.334 INFO (pid:22431) [attach] - receive request: doKeymap [ 'iPGJzPg==0' ]
2021-03-20T12:05:49.497 INFO (pid:22431) [attach] - receive request: doKeymap [ 'iPGJzPg==0' ]
2021-03-20T12:05:49.645 INFO (pid:22431) [attach] - receive request: doKeymap [ 'iPGJzPg==0' ]
2021-03-20T12:05:52.622 INFO (pid:22431) [completion-complete] - Results from: around
2021-03-20T12:05:53.216 INFO (pid:22431) [attach] - receive notification: stopCompletion []
2021-03-20T12:05:53.217 INFO (pid:22431) [attach] - receive request: doKeymap [ 'iPGJzPg==0' ]
2021-03-20T12:05:53.217 INFO (pid:22431) [attach] - receive notification: stopCompletion []
2021-03-20T12:05:53.396 INFO (pid:22431) [attach] - receive request: doKeymap [ 'iPGJzPg==0' ]
2021-03-20T12:05:59.163 INFO (pid:22431) [attach] - receive request: doKeymap [ 'iPGJzPg==0' ]
2021-03-20T12:05:59.359 INFO (pid:22431) [attach] - receive request: doKeymap [ 'iPGJzPg==0' ]
2021-03-20T12:05:59.524 INFO (pid:22431) [attach] - receive request: doKeymap [ 'iPGJzPg==0' ]
2021-03-20T12:06:03.621 INFO (pid:22431) [attach] - receive request: doKeymap [ 'iPA==0' ]
2021-03-20T12:06:04.562 INFO (pid:22431) [completion-complete] - Results from: around
2021-03-20T12:06:04.937 INFO (pid:22431) [attach] - receive notification: stopCompletion []
2021-03-20T12:06:05.562 INFO (pid:22431) [completion-complete] - Results from: around
2021-03-20T12:06:06.171 INFO (pid:22431) [completion-complete] - Results from: around
2021-03-20T12:06:06.436 INFO (pid:22431) [attach] - receive request: doKeymap [ 'iPGJzPg==0' ]
2021-03-20T12:06:06.725 INFO (pid:22431) [completion-complete] - Results from: around
2021-03-20T12:06:06.839 INFO (pid:22431) [completion-complete] - Results from: around
2021-03-20T12:06:07.446 INFO (pid:22431) [completion-complete] - Results from: around
2021-03-20T12:06:07.643 INFO (pid:22431) [completion-complete] - Results from: around
2021-03-20T12:06:07.842 INFO (pid:22431) [completion-complete] - Results from: around
2021-03-20T12:06:08.273 INFO (pid:22431) [attach] - receive request: doKeymap [ 'iPg==0' ]
2021-03-20T12:06:10.892 INFO (pid:22431) [attach] - receive request: doKeymap [ 'iPGJzPg==0' ]
2021-03-20T12:06:11.132 INFO (pid:22431) [completion-complete] - Results from: around
2021-03-20T12:06:14.336 INFO (pid:22431) [attach] - receive request: doKeymap [ 'iPA==0' ]
2021-03-20T12:06:16.375 INFO (pid:22431) [completion-complete] - Results from: around
2021-03-20T12:06:17.346 INFO (pid:22431) [attach] - receive notification: stopCompletion []
2021-03-20T12:06:17.347 INFO (pid:22431) [attach] - receive request: doKeymap [ 'iPGJzPg==0' ]
2021-03-20T12:06:17.347 INFO (pid:22431) [attach] - receive notification: stopCompletion []
2021-03-20T12:06:17.972 INFO (pid:22431) [attach] - receive request: doKeymap [ 'iPA==0' ]
2021-03-20T12:06:18.024 INFO (pid:22431) [attach] - receive request: doKeymap [ 'iPg==0' ]
2021-03-20T12:06:18.477 INFO (pid:22431) [attach] - receive request: doKeymap [ 'iPGJzPg==0' ]
2021-03-20T12:06:18.641 INFO (pid:22431) [attach] - receive request: doKeymap [ 'iPGJzPg==0' ]
2021-03-20T12:06:18.742 INFO (pid:22431) [attach] - receive request: doKeymap [ 'iPg==0' ]
2021-03-20T12:06:25.255 INFO (pid:22431) [completion-complete] - Results from: around
2021-03-20T12:06:25.685 INFO (pid:22431) [attach] - receive notification: stopCompletion []
2021-03-20T12:06:25.686 INFO (pid:22431) [attach] - receive request: doKeymap [ 'iPGJzPg==0' ]
2021-03-20T12:06:25.686 INFO (pid:22431) [attach] - receive notification: stopCompletion []
2021-03-20T12:06:25.850 INFO (pid:22431) [attach] - receive request: doKeymap [ 'iPGJzPg==0' ]
2021-03-20T12:06:29.066 INFO (pid:22431) [attach] - receive request: doKeymap [ 'iPGJzPg==0' ]
2021-03-20T12:06:29.228 INFO (pid:22431) [attach] - receive request: doKeymap [ 'iPGJzPg==0' ]
2021-03-20T12:06:31.075 INFO (pid:22431) [completion-complete] - Results from: around
2021-03-20T12:06:31.473 INFO (pid:22431) [attach] - receive notification: stopCompletion []
2021-03-20T12:06:31.474 INFO (pid:22431) [attach] - receive request: doKeymap [ 'iPGJzPg==0' ]
2021-03-20T12:06:31.474 INFO (pid:22431) [attach] - receive notification: stopCompletion []
2021-03-20T12:06:32.080 INFO (pid:22431) [attach] - receive request: doKeymap [ 'iPGJzPg==0' ]
2021-03-20T12:06:32.403 INFO (pid:22431) [completion-complete] - Results from: around
2021-03-20T12:06:36.183 INFO (pid:22431) [completion-complete] - Results from: around
2021-03-20T12:06:36.314 INFO (pid:22431) [attach] - receive notification: stopCompletion []
2021-03-20T12:06:38.205 INFO (pid:22431) [attach] - receive request: doKeymap [ 'iPGJzPg==0' ]
2021-03-20T12:06:39.647 INFO (pid:22431) [attach] - receive request: doKeymap [ 'iKA==0' ]
2021-03-20T12:06:39.761 INFO (pid:22431) [attach] - receive request: doKeymap [ 'iKQ==0' ]
2021-03-20T12:06:40.810 INFO (pid:22431) [attach] - receive request: doKeymap [ 'iew==0' ]
2021-03-20T12:06:45.377 INFO (pid:22431) [completion-complete] - Results from: file
2021-03-20T12:06:48.558 INFO (pid:22431) [attach] - receive request: doKeymap [ 'iPGJzPg==0' ]
2021-03-20T12:06:51.468 INFO (pid:22431) [completion-complete] - Results from: around
2021-03-20T12:06:51.836 INFO (pid:22431) [attach] - receive notification: stopCompletion []
2021-03-20T12:06:51.837 INFO (pid:22431) [attach] - receive request: doKeymap [ 'iPGJzPg==0' ]
2021-03-20T12:06:51.837 INFO (pid:22431) [attach] - receive notification: stopCompletion []
2021-03-20T12:06:52.108 INFO (pid:22431) [completion-complete] - Results from: around
2021-03-20T12:06:52.118 INFO (pid:22431) [attach] - receive notification: stopCompletion []
2021-03-20T12:06:52.713 INFO (pid:22431) [attach] - receive request: doKeymap [ 'iPGJzPg==0' ]
2021-03-20T12:06:53.003 INFO (pid:22431) [completion-complete] - Results from: around
2021-03-20T12:06:54.641 INFO (pid:22431) [completion-complete] - Results from: around
2021-03-20T12:06:54.827 INFO (pid:22431) [attach] - receive notification: stopCompletion []
2021-03-20T12:06:54.828 INFO (pid:22431) [attach] - receive request: doKeymap [ 'iPGJzPg==0' ]
2021-03-20T12:06:54.828 INFO (pid:22431) [attach] - receive notification: stopCompletion []
2021-03-20T12:06:56.481 INFO (pid:22431) [attach] - receive request: doKeymap [ 'iPGJzPg==0' ]
2021-03-20T12:06:59.743 INFO (pid:22431) [attach] - receive request: doKeymap [ 'iPGJzPg==0' ]
2021-03-20T12:07:03.705 INFO (pid:22431) [completion-complete] - Results from: around
2021-03-20T12:07:04.716 INFO (pid:22431) [completion-complete] - Results from: around
2021-03-20T12:07:05.324 INFO (pid:22431) [attach] - receive notification: stopCompletion []
2021-03-20T12:07:05.848 INFO (pid:22431) [completion-complete] - Results from: around
2021-03-20T12:07:06.010 INFO (pid:22431) [completion-complete] - Results from: around
2021-03-20T12:07:06.374 INFO (pid:22431) [completion-complete] - Results from: around
2021-03-20T12:07:06.895 INFO (pid:22431) [completion-complete] - Results from: around
2021-03-20T12:07:07.651 INFO (pid:22431) [completion-complete] - Results from: around
2021-03-20T12:07:08.143 INFO (pid:22431) [completion-complete] - Results from: around
2021-03-20T12:07:08.526 INFO (pid:22431) [attach] - receive request: doKeymap [ 'iPGJzPg==0' ]
2021-03-20T12:07:08.769 INFO (pid:22431) [completion-complete] - Results from: around
2021-03-20T12:07:09.067 INFO (pid:22431) [attach] - receive request: doKeymap [ 'iPGJzPg==0' ]
2021-03-20T12:07:09.306 INFO (pid:22431) [completion-complete] - Results from: around
2021-03-20T12:07:10.290 INFO (pid:22431) [completion-complete] - Results from: around
2021-03-20T12:07:10.503 INFO (pid:22431) [completion-complete] - Results from: around
2021-03-20T12:07:12.115 INFO (pid:22431) [attach] - receive request: doKeymap [ 'iPGJzPg==0' ]
2021-03-20T12:07:14.567 INFO (pid:22431) [completion-complete] - Results from: around
2021-03-20T12:07:15.506 INFO (pid:22431) [attach] - receive notification: stopCompletion []
2021-03-20T12:07:15.507 INFO (pid:22431) [attach] - receive request: doKeymap [ 'iPGJzPg==0' ]
2021-03-20T12:07:15.507 INFO (pid:22431) [attach] - receive notification: stopCompletion []
2021-03-20T12:07:16.124 INFO (pid:22431) [completion-complete] - Results from: around
2021-03-20T12:07:16.530 INFO (pid:22431) [attach] - receive notification: stopCompletion []
2021-03-20T12:07:16.925 INFO (pid:22431) [completion-complete] - Results from: around
2021-03-20T12:07:17.194 INFO (pid:22431) [attach] - receive request: doKeymap [ 'iPGJzPg==0' ]
2021-03-20T12:07:17.341 INFO (pid:22431) [attach] - receive request: doKeymap [ 'iPGJzPg==0' ]
2021-03-20T12:07:17.549 INFO (pid:22431) [completion-complete] - Results from: around
2021-03-20T12:07:17.747 INFO (pid:22431) [completion-complete] - Results from: around
2021-03-20T12:07:18.041 INFO (pid:22431) [completion-complete] - Results from: around
2021-03-20T12:07:18.422 INFO (pid:22431) [attach] - receive request: doKeymap [ 'iPGJzPg==0' ]
2021-03-20T12:07:18.810 INFO (pid:22431) [completion-complete] - Results from: around
2021-03-20T12:07:21.126 INFO (pid:22431) [attach] - receive request: doKeymap [ 'iPGJzPg==0' ]
2021-03-20T12:07:21.306 INFO (pid:22431) [attach] - receive request: doKeymap [ 'iPGJzPg==0' ]
2021-03-20T12:07:21.454 INFO (pid:22431) [attach] - receive request: doKeymap [ 'iPGJzPg==0' ]
2021-03-20T12:07:22.847 INFO (pid:22431) [attach] - receive request: doKeymap [ 'iPGJzPg==0' ]
2021-03-20T12:07:22.993 INFO (pid:22431) [attach] - receive request: doKeymap [ 'iPGJzPg==0' ]
2021-03-20T12:07:23.247 INFO (pid:22431) [completion-complete] - Results from: around
2021-03-20T12:07:24.509 INFO (pid:22431) [attach] - receive notification: stopCompletion []
2021-03-20T12:07:25.337 INFO (pid:22431) [attach] - receive request: doKeymap [ 'iPGJzPg==0' ]
2021-03-20T12:07:26.463 INFO (pid:22431) [completion-complete] - Results from: around
2021-03-20T12:07:26.597 INFO (pid:22431) [completion-complete] - Results from: around
2021-03-20T12:07:28.741 INFO (pid:22431) [completion-complete] - Results from: around
2021-03-20T12:07:28.902 INFO (pid:22431) [attach] - receive notification: stopCompletion []
2021-03-20T12:07:29.575 INFO (pid:22431) [completion-complete] - Results from: around
2021-03-20T12:07:30.089 INFO (pid:22431) [attach] - receive request: doKeymap [ 'iPGJzPg==0' ]
2021-03-20T12:07:30.394 INFO (pid:22431) [completion-complete] - Results from: around
2021-03-20T12:07:30.771 INFO (pid:22431) [completion-complete] - Results from: around
2021-03-20T12:07:33.014 INFO (pid:22431) [completion-complete] - Results from: around
2021-03-20T12:07:35.658 INFO (pid:22431) [attach] - receive request: doKeymap [ 'iXQ==0' ]
2021-03-20T12:07:36.148 INFO (pid:22431) [attach] - receive request: doKeymap [ 'iPGJzPg==0' ]
2021-03-20T12:07:38.981 INFO (pid:22431) [attach] - receive request: doKeymap [ 'iPGJzPg==0' ]
2021-03-20T12:07:39.440 INFO (pid:22431) [attach] - receive request: doKeymap [ 'iWw==0' ]
2021-03-20T12:07:41.996 INFO (pid:22431) [attach] - receive request: doKeymap [ 'iPGJzPg==0' ]
2021-03-20T12:07:42.175 INFO (pid:22431) [attach] - receive request: doKeymap [ 'iKA==0' ]
2021-03-20T12:07:43.217 INFO (pid:22431) [completion-complete] - Results from: around
2021-03-20T12:07:45.987 INFO (pid:22431) [completion-complete] - Results from: around
2021-03-20T12:07:49.558 INFO (pid:22431) [completion-complete] - Results from: around
2021-03-20T12:07:53.230 INFO (pid:22431) [attach] - receive request: doKeymap [ 'iXQ==0' ]
2021-03-20T12:07:54.033 INFO (pid:22431) [attach] - receive request: doKeymap [ 'iPGJzPg==0' ]
2021-03-20T12:07:54.392 INFO (pid:22431) [attach] - receive request: doKeymap [ 'iWw==0' ]
2021-03-20T12:07:56.489 INFO (pid:22431) [attach] - receive request: doKeymap [ 'iPGJzPg==0' ]
2021-03-20T12:07:56.685 INFO (pid:22431) [attach] - receive request: doKeymap [ 'iPGJzPg==0' ]
2021-03-20T12:07:56.849 INFO (pid:22431) [attach] - receive request: doKeymap [ 'iPGJzPg==0' ]
2021-03-20T12:07:57.160 INFO (pid:22431) [attach] - receive request: doKeymap [ 'iPGJzPg==0' ]
2021-03-20T12:07:57.946 INFO (pid:22431) [attach] - receive request: doKeymap [ 'iew==0' ]
2021-03-20T12:08:02.639 INFO (pid:22431) [completion-complete] - Results from: around
2021-03-20T12:08:02.852 INFO (pid:22431) [attach] - receive notification: stopCompletion []
2021-03-20T12:08:03.393 INFO (pid:22431) [completion-complete] - Results from: around
2021-03-20T12:08:04.729 INFO (pid:22431) [attach] - receive request: doKeymap [ 'iKA==0' ]
2021-03-20T12:08:05.539 INFO (pid:22431) [completion-complete] - Results from: around
2021-03-20T12:08:07.884 INFO (pid:22431) [completion-complete] - Results from: around
2021-03-20T12:08:12.323 INFO (pid:22431) [completion-complete] - Results from: around
2021-03-20T12:08:13.751 INFO (pid:22431) [attach] - receive notification: stopCompletion []
2021-03-20T12:08:13.752 INFO (pid:22431) [attach] - receive request: doKeymap [ 'iPGJzPg==0' ]
2021-03-20T12:08:13.752 INFO (pid:22431) [attach] - receive notification: stopCompletion []
2021-03-20T12:08:17.918 INFO (pid:22431) [completion-complete] - Results from: around
2021-03-20T12:08:18.997 INFO (pid:22431) [attach] - receive notification: stopCompletion []
2021-03-20T12:08:19.545 INFO (pid:22431) [attach] - receive request: doKeymap [ 'iPGJzPg==0' ]
2021-03-20T12:08:19.916 INFO (pid:22431) [completion-complete] - Results from: around
2021-03-20T12:08:23.869 INFO (pid:22431) [attach] - receive request: doKeymap [ 'iew==0' ]
2021-03-20T12:08:29.122 INFO (pid:22431) [completion-complete] - Results from: around
2021-03-20T12:08:30.054 INFO (pid:22431) [attach] - receive notification: stopCompletion []
2021-03-20T12:08:30.729 INFO (pid:22431) [completion-complete] - Results from: around
2021-03-20T12:08:31.210 INFO (pid:22431) [attach] - receive request: doKeymap [ 'iPGJzPg==0' ]
2021-03-20T12:08:31.498 INFO (pid:22431) [completion-complete] - Results from: around
2021-03-20T12:08:32.784 INFO (pid:22431) [attach] - receive request: doKeymap [ 'iPA==0' ]
2021-03-20T12:08:32.964 INFO (pid:22431) [attach] - receive request: doKeymap [ 'iPA==0' ]
2021-03-20T12:08:33.596 INFO (pid:22431) [completion-complete] - Results from: around
2021-03-20T12:08:33.944 INFO (pid:22431) [attach] - receive notification: stopCompletion []
2021-03-20T12:08:33.945 INFO (pid:22431) [attach] - receive request: doKeymap [ 'iPGJzPg==0' ]
2021-03-20T12:08:33.945 INFO (pid:22431) [attach] - receive notification: stopCompletion []
2021-03-20T12:08:34.120 INFO (pid:22431) [completion-complete] - Results from: around
2021-03-20T12:08:38.024 INFO (pid:22431) [attach] - receive request: doKeymap [ 'iPA==0' ]
2021-03-20T12:08:38.220 INFO (pid:22431) [attach] - receive request: doKeymap [ 'iPA==0' ]
2021-03-20T12:08:39.153 INFO (pid:22431) [attach] - receive request: doKeymap [ 'iIg==0' ]
2021-03-20T12:08:51.647 INFO (pid:22431) [attach] - receive request: doKeymap [ 'iPGJzPg==0' ]
2021-03-20T12:09:26.899 INFO (pid:22431) [completion-complete] - Results from: around
2021-03-20T12:09:29.437 INFO (pid:22431) [attach] - receive notification: stopCompletion []
2021-03-20T12:09:30.051 INFO (pid:22431) [attach] - receive request: doKeymap [ 'iPGJzPg==0' ]
2021-03-20T12:09:30.314 INFO (pid:22431) [attach] - receive request: doKeymap [ 'iPGJzPg==0' ]
2021-03-20T12:09:30.685 INFO (pid:22431) [completion-complete] - Results from: around
2021-03-20T12:09:31.321 INFO (pid:22431) [attach] - receive notification: stopCompletion []
2021-03-20T12:09:31.321 INFO (pid:22431) [attach] - receive request: doKeymap [ 'iPGJzPg==0' ]
2021-03-20T12:09:31.322 INFO (pid:22431) [attach] - receive notification: stopCompletion []
2021-03-20T12:09:31.743 INFO (pid:22431) [completion-complete] - Results from: around
2021-03-20T12:09:34.281 INFO (pid:22431) [completion-complete] - Results from: around
2021-03-20T12:09:34.646 INFO (pid:22431) [attach] - receive notification: stopCompletion []
2021-03-20T12:09:34.646 INFO (pid:22431) [attach] - receive request: doKeymap [ 'iPGJzPg==0' ]
2021-03-20T12:09:34.647 INFO (pid:22431) [attach] - receive notification: stopCompletion []
2021-03-20T12:09:34.855 INFO (pid:22431) [completion-complete] - Results from: around
2021-03-20T12:09:35.653 INFO (pid:22431) [attach] - receive notification: stopCompletion []
2021-03-20T12:09:36.021 INFO (pid:22431) [attach] - receive request: doKeymap [ 'iPGJzPg==0' ]
2021-03-20T12:09:36.182 INFO (pid:22431) [attach] - receive request: doKeymap [ 'iPGJzPg==0' ]
2021-03-20T12:09:36.491 INFO (pid:22431) [completion-complete] - Results from: around
2021-03-20T12:09:39.594 INFO (pid:22431) [attach] - receive request: doKeymap [ 'iPGJzPg==0' ]
2021-03-20T12:09:40.277 INFO (pid:22431) [completion-complete] - Results from: around
2021-03-20T12:09:40.607 INFO (pid:22431) [attach] - receive notification: stopCompletion []
2021-03-20T12:09:40.608 INFO (pid:22431) [attach] - receive request: doKeymap [ 'iPGJzPg==0' ]
2021-03-20T12:09:40.608 INFO (pid:22431) [attach] - receive notification: stopCompletion []
2021-03-20T12:09:43.098 INFO (pid:22431) [attach] - receive request: doKeymap [ 'iPGJzPg==0' ]
2021-03-20T12:09:44.490 INFO (pid:22431) [attach] - receive request: doKeymap [ 'iPGJzPg==0' ]
2021-03-20T12:09:45.220 INFO (pid:22431) [attach] - receive request: doKeymap [ 'iPGJzPg==0' ]
2021-03-20T12:09:45.368 INFO (pid:22431) [attach] - receive request: doKeymap [ 'iPGJzPg==0' ]
2021-03-20T12:09:50.085 INFO (pid:22431) [attach] - receive request: doKeymap [ 'iWw==0' ]
2021-03-20T12:09:53.346 INFO (pid:22431) [attach] - receive request: doKeymap [ 'iew==0' ]
2021-03-20T12:09:58.028 INFO (pid:22431) [attach] - receive request: doKeymap [ 'iPGJzPg==0' ]
2021-03-20T12:09:58.178 INFO (pid:22431) [attach] - receive request: doKeymap [ 'iJw==0' ]
2021-03-20T12:09:58.863 INFO (pid:22431) [attach] - receive request: doKeymap [ 'iPGJzPg==0' ]
2021-03-20T12:09:59.026 INFO (pid:22431) [attach] - receive request: doKeymap [ 'iPGJzPg==0' ]
2021-03-20T12:10:03.737 INFO (pid:22431) [completion-complete] - Results from: file
2021-03-20T12:10:07.519 INFO (pid:22431) [completion-complete] - Results from: around
2021-03-20T12:10:08.268 INFO (pid:22431) [attach] - receive notification: stopCompletion []
2021-03-20T12:10:09.225 INFO (pid:22431) [completion-complete] - Results from: around
2021-03-20T12:10:09.633 INFO (pid:22431) [completion-complete] - Results from: around
2021-03-20T12:10:10.044 INFO (pid:22431) [completion-complete] - Results from: around
2021-03-20T12:10:10.254 INFO (pid:22431) [completion-complete] - Results from: around
2021-03-20T12:10:10.505 INFO (pid:22431) [attach] - receive request: doKeymap [ 'iPGJzPg==0' ]
2021-03-20T12:10:10.669 INFO (pid:22431) [attach] - receive request: doKeymap [ 'iPGJzPg==0' ]
2021-03-20T12:10:10.945 INFO (pid:22431) [completion-complete] - Results from: around
2021-03-20T12:10:11.100 INFO (pid:22431) [completion-complete] - Results from: around
2021-03-20T12:10:12.359 INFO (pid:22431) [completion-complete] - Results from: around
2021-03-20T12:10:13.749 INFO (pid:22431) [completion-complete] - Results from: around
2021-03-20T12:10:16.471 INFO (pid:22431) [completion-complete] - Results from: around
2021-03-20T12:10:18.402 INFO (pid:22431) [completion-complete] - Results from: around
2021-03-20T12:10:21.106 INFO (pid:22431) [completion-complete] - Results from: around
2021-03-20T12:10:22.068 INFO (pid:22431) [attach] - receive notification: stopCompletion []
2021-03-20T12:10:22.435 INFO (pid:22431) [completion-complete] - Results from: around
2021-03-20T12:10:22.685 INFO (pid:22431) [attach] - receive request: doKeymap [ 'iPGJzPg==0' ]
2021-03-20T12:10:22.849 INFO (pid:22431) [attach] - receive request: doKeymap [ 'iPGJzPg==0' ]
2021-03-20T12:10:23.179 INFO (pid:22431) [attach] - receive request: doKeymap [ 'iPGJzPg==0' ]
2021-03-20T12:10:23.512 INFO (pid:22431) [completion-complete] - Results from: around
2021-03-20T12:10:23.920 INFO (pid:22431) [attach] - receive notification: stopCompletion []
2021-03-20T12:10:24.453 INFO (pid:22431) [attach] - receive request: doKeymap [ 'iPGJzPg==0' ]
2021-03-20T12:10:25.249 INFO (pid:22431) [completion-complete] - Results from: around
2021-03-20T12:10:28.526 INFO (pid:22431) [completion-complete] - Results from: around
2021-03-20T12:10:28.826 INFO (pid:22431) [attach] - receive notification: stopCompletion []
2021-03-20T12:10:28.827 INFO (pid:22431) [attach] - receive request: doKeymap [ 'iPGJzPg==0' ]
2021-03-20T12:10:28.828 INFO (pid:22431) [attach] - receive notification: stopCompletion []
2021-03-20T12:10:29.989 INFO (pid:22431) [attach] - receive request: doKeymap [ 'iPGJzPg==0' ]
2021-03-20T12:10:30.906 INFO (pid:22431) [attach] - receive request: doKeymap [ 'iPGJzPg==0' ]
2021-03-20T12:10:31.291 INFO (pid:22431) [completion-complete] - Results from: around
2021-03-20T12:10:32.798 INFO (pid:22431) [attach] - receive notification: stopCompletion []
2021-03-20T12:10:33.443 INFO (pid:22431) [completion-complete] - Results from: around
2021-03-20T12:10:34.738 INFO (pid:22431) [attach] - receive request: doKeymap [ 'iPGJzPg==0' ]
2021-03-20T12:10:36.930 INFO (pid:22431) [attach] - receive request: doKeymap [ 'iPGJzPg==0' ]
2021-03-20T12:10:40.843 INFO (pid:22431) [attach] - receive request: doKeymap [ 'iPGJzPg==0' ]
2021-03-20T12:10:43.425 INFO (pid:22431) [completion-complete] - Results from: around
2021-03-20T12:10:43.791 INFO (pid:22431) [attach] - receive notification: stopCompletion []
2021-03-20T12:10:43.792 INFO (pid:22431) [attach] - receive request: doKeymap [ 'iPGJzPg==0' ]
2021-03-20T12:10:43.792 INFO (pid:22431) [attach] - receive notification: stopCompletion []
2021-03-20T12:10:44.049 INFO (pid:22431) [completion-complete] - Results from: around
2021-03-20T12:10:44.982 INFO (pid:22431) [completion-complete] - Results from: around
2021-03-20T12:10:45.436 INFO (pid:22431) [attach] - receive notification: stopCompletion []
2021-03-20T12:10:45.700 INFO (pid:22431) [completion-complete] - Results from: around
2021-03-20T12:10:45.851 INFO (pid:22431) [completion-complete] - Results from: around
2021-03-20T12:10:45.985 INFO (pid:22431) [attach] - receive request: doKeymap [ 'iPGJzPg==0' ]
2021-03-20T12:10:46.150 INFO (pid:22431) [attach] - receive request: doKeymap [ 'iPGJzPg==0' ]
2021-03-20T12:10:46.297 INFO (pid:22431) [attach] - receive request: doKeymap [ 'iPGJzPg==0' ]
2021-03-20T12:10:46.602 INFO (pid:22431) [completion-complete] - Results from: around
2021-03-20T12:10:47.006 INFO (pid:22431) [attach] - receive notification: stopCompletion []
2021-03-20T12:10:47.409 INFO (pid:22431) [attach] - receive request: doKeymap [ 'iPGJzPg==0' ]
2021-03-20T12:10:48.009 INFO (pid:22431) [completion-complete] - Results from: around
2021-03-20T12:10:48.375 INFO (pid:22431) [attach] - receive request: doKeymap [ 'iPGJzPg==0' ]
2021-03-20T12:10:48.614 INFO (pid:22431) [completion-complete] - Results from: around
2021-03-20T12:10:52.043 INFO (pid:22431) [attach] - receive request: doKeymap [ 'iPGJzPg==0' ]
2021-03-20T12:10:52.208 INFO (pid:22431) [attach] - receive request: doKeymap [ 'iPGJzPg==0' ]
2021-03-20T12:10:52.502 INFO (pid:22431) [attach] - receive request: doKeymap [ 'iPGJzPg==0' ]
2021-03-20T12:10:58.527 INFO (pid:22431) [attach] - receive request: doKeymap [ 'iPGJzPg==0' ]
2021-03-20T12:10:59.734 INFO (pid:22431) [completion-complete] - Results from: around
2021-03-20T12:11:02.407 INFO (pid:22431) [attach] - receive notification: stopCompletion []
2021-03-20T12:11:02.408 INFO (pid:22431) [attach] - receive request: doKeymap [ 'iKA==0' ]
2021-03-20T12:11:02.408 INFO (pid:22431) [attach] - receive notification: stopCompletion []
2021-03-20T12:11:02.927 INFO (pid:22431) [completion-complete] - Results from: around
2021-03-20T12:11:34.066 INFO (pid:22431) [attach] - receive request: doKeymap [ 'iPGJzPg==0' ]
2021-03-20T12:11:34.229 INFO (pid:22431) [attach] - receive request: doKeymap [ 'iPGJzPg==0' ]
2021-03-20T12:11:34.524 INFO (pid:22431) [attach] - receive request: doKeymap [ 'iPGJzPg==0' ]
2021-03-20T12:11:34.721 INFO (pid:22431) [attach] - receive request: doKeymap [ 'iPGJzPg==0' ]
2021-03-20T12:11:36.425 INFO (pid:22431) [attach] - receive request: doKeymap [ 'iPGJzPg==0' ]
2021-03-20T12:11:36.589 INFO (pid:22431) [attach] - receive request: doKeymap [ 'iPGJzPg==0' ]
2021-03-20T12:11:36.752 INFO (pid:22431) [attach] - receive request: doKeymap [ 'iPGJzPg==0' ]
2021-03-20T12:11:36.901 INFO (pid:22431) [attach] - receive request: doKeymap [ 'iPGJzPg==0' ]
2021-03-20T12:11:37.081 INFO (pid:22431) [attach] - receive request: doKeymap [ 'iPGJzPg==0' ]
2021-03-20T12:11:37.506 INFO (pid:22431) [attach] - receive request: doKeymap [ 'iPGJzPg==0' ]
2021-03-20T12:11:38.272 INFO (pid:22431) [completion-complete] - Results from: around
2021-03-20T12:11:41.140 INFO (pid:22431) [completion-complete] - Results from: around
2021-03-20T12:11:44.563 INFO (pid:22431) [completion-complete] - Results from: around
2021-03-20T12:11:45.361 INFO (pid:22431) [attach] - receive notification: stopCompletion []
2021-03-20T12:11:45.609 INFO (pid:22431) [completion-complete] - Results from: around
2021-03-20T12:11:45.813 INFO (pid:22431) [attach] - receive request: doKeymap [ 'iPGJzPg==0' ]
2021-03-20T12:11:45.944 INFO (pid:22431) [attach] - receive request: doKeymap [ 'iPGJzPg==0' ]
2021-03-20T12:11:46.265 INFO (pid:22431) [completion-complete] - Results from: around
2021-03-20T12:11:47.262 INFO (pid:22431) [completion-complete] - Results from: around
2021-03-20T12:11:54.317 INFO (pid:22431) [completion-complete] - Results from: around
2021-03-20T12:11:56.746 INFO (pid:22431) [attach] - receive notification: stopCompletion []
2021-03-20T12:11:56.747 INFO (pid:22431) [attach] - receive request: doKeymap [ 'iKA==0' ]
2021-03-20T12:11:56.747 INFO (pid:22431) [attach] - receive notification: stopCompletion []
2021-03-20T12:11:58.413 INFO (pid:22431) [completion-complete] - Results from: around
2021-03-20T12:11:58.713 INFO (pid:22431) [attach] - receive notification: stopCompletion []
2021-03-20T12:11:58.714 INFO (pid:22431) [attach] - receive request: doKeymap [ 'iPGJzPg==0' ]
2021-03-20T12:11:58.714 INFO (pid:22431) [attach] - receive notification: stopCompletion []
2021-03-20T12:11:59.320 INFO (pid:22431) [completion-complete] - Results from: around
2021-03-20T12:12:04.902 INFO (pid:22431) [completion-complete] - Results from: around
2021-03-20T12:12:08.076 INFO (pid:22431) [attach] - receive request: doKeymap [ 'iPA==0' ]
2021-03-20T12:12:08.256 INFO (pid:22431) [attach] - receive request: doKeymap [ 'iPA==0' ]
2021-03-20T12:12:10.486 INFO (pid:22431) [attach] - receive request: doKeymap [ 'iIg==0' ]
2021-03-20T12:12:12.087 INFO (pid:22431) [completion-complete] - Results from: around
2021-03-20T12:12:12.884 INFO (pid:22431) [attach] - receive notification: stopCompletion []
2021-03-20T12:12:13.165 INFO (pid:22431) [completion-complete] - Results from: around
2021-03-20T12:12:13.420 INFO (pid:22431) [attach] - receive request: doKeymap [ 'iPGJzPg==0' ]
2021-03-20T12:12:13.565 INFO (pid:22431) [attach] - receive request: doKeymap [ 'iPGJzPg==0' ]
2021-03-20T12:12:13.837 INFO (pid:22431) [completion-complete] - Results from: around
2021-03-20T12:12:14.255 INFO (pid:22431) [attach] - receive request: doKeymap [ 'iPGJzPg==0' ]
2021-03-20T12:12:14.624 INFO (pid:22431) [completion-complete] - Results from: around
2021-03-20T12:12:18.936 INFO (pid:22431) [attach] - receive notification: stopCompletion []
2021-03-20T12:12:19.321 INFO (pid:22431) [attach] - receive request: doKeymap [ 'iPGJzPg==0' ]
2021-03-20T12:12:19.863 INFO (pid:22431) [attach] - receive request: doKeymap [ 'iPGJzPg==0' ]
2021-03-20T12:12:21.107 INFO (pid:22431) [completion-complete] - Results from: around
2021-03-20T12:12:21.419 INFO (pid:22431) [attach] - receive notification: stopCompletion []
2021-03-20T12:12:21.420 INFO (pid:22431) [attach] - receive request: doKeymap [ 'iPGJzPg==0' ]
2021-03-20T12:12:21.420 INFO (pid:22431) [attach] - receive notification: stopCompletion []
2021-03-20T12:12:22.121 INFO (pid:22431) [completion-complete] - Results from: around
2021-03-20T12:12:22.444 INFO (pid:22431) [attach] - receive notification: stopCompletion []
2021-03-20T12:12:23.026 INFO (pid:22431) [attach] - receive request: doKeymap [ 'iPGJzPg==0' ]
2021-03-20T12:12:23.190 INFO (pid:22431) [attach] - receive request: doKeymap [ 'iPGJzPg==0' ]
2021-03-20T12:12:23.464 INFO (pid:22431) [completion-complete] - Results from: around
2021-03-20T12:12:23.661 INFO (pid:22431) [attach] - receive notification: stopCompletion []
2021-03-20T12:12:24.092 INFO (pid:22431) [attach] - receive request: doKeymap [ 'iPGJzPg==0' ]
2021-03-20T12:12:24.240 INFO (pid:22431) [attach] - receive request: doKeymap [ 'iPGJzPg==0' ]
2021-03-20T12:12:24.580 INFO (pid:22431) [completion-complete] - Results from: around
2021-03-20T12:12:24.612 INFO (pid:22431) [attach] - receive notification: stopCompletion []
2021-03-20T12:12:24.945 INFO (pid:22431) [attach] - receive request: doKeymap [ 'iPGJzPg==0' ]
2021-03-20T12:12:25.335 INFO (pid:22431) [completion-complete] - Results from: around
2021-03-20T12:12:25.845 INFO (pid:22431) [completion-complete] - Results from: around
2021-03-20T12:12:26.092 INFO (pid:22431) [attach] - receive request: doKeymap [ 'iPGJzPg==0' ]
2021-03-20T12:12:26.418 INFO (pid:22431) [completion-complete] - Results from: around
2021-03-20T12:12:26.744 INFO (pid:22431) [completion-complete] - Results from: around
2021-03-20T12:12:26.977 INFO (pid:22431) [attach] - receive request: doKeymap [ 'iPGJzPg==0' ]
2021-03-20T12:12:27.186 INFO (pid:22431) [completion-complete] - Results from: around
2021-03-20T12:12:28.633 INFO (pid:22431) [attach] - receive request: doKeymap [ 'iKA==0' ]
2021-03-20T12:12:28.764 INFO (pid:22431) [attach] - receive request: doKeymap [ 'iKQ==0' ]
2021-03-20T12:12:33.419 INFO (pid:22431) [attach] - receive request: doKeymap [ 'iXQ==0' ]
2021-03-20T12:12:33.846 INFO (pid:22431) [attach] - receive request: doKeymap [ 'iPGJzPg==0' ]
2021-03-20T12:12:37.422 INFO (pid:22431) [attach] - receive request: doKeymap [ 'iPA==0' ]
2021-03-20T12:12:37.603 INFO (pid:22431) [attach] - receive request: doKeymap [ 'iPA==0' ]
2021-03-20T12:12:39.334 INFO (pid:22431) [completion-complete] - Results from: around
2021-03-20T12:12:39.737 INFO (pid:22431) [attach] - receive notification: stopCompletion []
2021-03-20T12:12:40.002 INFO (pid:22431) [completion-complete] - Results from: around
2021-03-20T12:12:40.256 INFO (pid:22431) [attach] - receive request: doKeymap [ 'iPGJzPg==0' ]
2021-03-20T12:12:40.403 INFO (pid:22431) [attach] - receive request: doKeymap [ 'iPGJzPg==0' ]
2021-03-20T12:12:40.872 INFO (pid:22431) [completion-complete] - Results from: around
2021-03-20T12:12:41.018 INFO (pid:22431) [completion-complete] - Results from: around
2021-03-20T12:12:41.168 INFO (pid:22431) [completion-complete] - Results from: around
2021-03-20T12:12:41.272 INFO (pid:22431) [attach] - receive request: doKeymap [ 'iPGJzPg==0' ]
2021-03-20T12:12:41.419 INFO (pid:22431) [attach] - receive request: doKeymap [ 'iPGJzPg==0' ]
2021-03-20T12:12:41.567 INFO (pid:22431) [attach] - receive request: doKeymap [ 'iPGJzPg==0' ]
2021-03-20T12:12:41.807 INFO (pid:22431) [completion-complete] - Results from: around
2021-03-20T12:12:42.322 INFO (pid:22431) [attach] - receive request: doKeymap [ 'iPGJzPg==0' ]
2021-03-20T12:12:42.691 INFO (pid:22431) [completion-complete] - Results from: around
2021-03-20T12:12:46.553 INFO (pid:22431) [attach] - receive request: doKeymap [ 'iPGJzPg==0' ]
2021-03-20T12:12:47.991 INFO (pid:22431) [completion-complete] - Results from: around
2021-03-20T12:12:48.462 INFO (pid:22431) [attach] - receive notification: stopCompletion []
2021-03-20T12:12:49.109 INFO (pid:22431) [attach] - receive request: doKeymap [ 'iPGJzPg==0' ]
2021-03-20T12:12:49.613 INFO (pid:22431) [completion-complete] - Results from: around
2021-03-20T12:12:49.925 INFO (pid:22431) [attach] - receive notification: stopCompletion []
2021-03-20T12:12:50.269 INFO (pid:22431) [completion-complete] - Results from: around
2021-03-20T12:12:50.437 INFO (pid:22431) [attach] - receive request: doKeymap [ 'iPGJzPg==0' ]
2021-03-20T12:12:50.601 INFO (pid:22431) [attach] - receive request: doKeymap [ 'iPGJzPg==0' ]
2021-03-20T12:12:50.993 INFO (pid:22431) [completion-complete] - Results from: around
2021-03-20T12:12:53.274 INFO (pid:22431) [attach] - receive notification: stopCompletion []
2021-03-20T12:12:53.275 INFO (pid:22431) [attach] - receive request: doKeymap [ 'iKA==0' ]
2021-03-20T12:12:53.275 INFO (pid:22431) [attach] - receive notification: stopCompletion []
2021-03-20T12:12:53.324 INFO (pid:22431) [attach] - receive request: doKeymap [ 'iKQ==0' ]
2021-03-20T12:12:54.442 INFO (pid:22431) [attach] - receive request: doKeymap [ 'iPA==0' ]
2021-03-20T12:12:54.638 INFO (pid:22431) [attach] - receive request: doKeymap [ 'iPA==0' ]
2021-03-20T12:12:55.736 INFO (pid:22431) [attach] - receive request: doKeymap [ 'iIg==0' ]
2021-03-20T12:12:57.548 INFO (pid:22431) [completion-complete] - Results from: around
2021-03-20T12:12:59.952 INFO (pid:22431) [attach] - receive notification: stopCompletion []
2021-03-20T12:13:00.273 INFO (pid:22431) [attach] - receive request: doKeymap [ 'iPGJzPg==0' ]
2021-03-20T12:13:00.437 INFO (pid:22431) [attach] - receive request: doKeymap [ 'iPGJzPg==0' ]
2021-03-20T12:13:00.971 INFO (pid:22431) [completion-complete] - Results from: around
2021-03-20T12:13:01.172 INFO (pid:22431) [completion-complete] - Results from: around
2021-03-20T12:13:02.726 INFO (pid:22431) [completion-complete] - Results from: around
2021-03-20T12:13:03.209 INFO (pid:22431) [attach] - receive request: doKeymap [ 'iPGJzPg==0' ]
2021-03-20T12:13:03.579 INFO (pid:22431) [completion-complete] - Results from: around
2021-03-20T12:13:03.929 INFO (pid:22431) [attach] - receive request: doKeymap [ 'iPGJzPg==0' ]
2021-03-20T12:13:04.415 INFO (pid:22431) [completion-complete] - Results from: around
2021-03-20T12:13:04.870 INFO (pid:22431) [completion-complete] - Results from: around
2021-03-20T12:14:31.783 INFO (pid:22431) [completion-complete] - Results from: around
2021-03-20T12:14:34.795 INFO (pid:22431) [attach] - receive notification: stopCompletion []
2021-03-20T12:14:35.246 INFO (pid:22431) [attach] - receive request: doKeymap [ 'iPGJzPg==0' ]
2021-03-20T12:14:36.510 INFO (pid:22431) [attach] - receive request: doKeymap [ 'iKA==0' ]
2021-03-20T12:14:37.080 INFO (pid:22431) [completion-complete] - Results from: around
2021-03-20T12:14:39.634 INFO (pid:22431) [completion-complete] - Results from: around
2021-03-20T12:14:46.519 INFO (pid:22431) [completion-complete] - Results from: file
2021-03-20T12:14:48.916 INFO (pid:22431) [completion-complete] - Results from: around
2021-03-20T12:14:49.174 INFO (pid:22431) [attach] - receive notification: stopCompletion []
2021-03-20T12:14:51.211 INFO (pid:22431) [completion-complete] - Results from: around
2021-03-20T12:14:55.618 INFO (pid:22431) [completion-complete] - Results from: around
2021-03-20T12:14:56.421 INFO (pid:22431) [completion-complete] - Results from: around
2021-03-20T12:14:57.876 INFO (pid:22431) [attach] - receive notification: stopCompletion []
2021-03-20T12:14:58.327 INFO (pid:22431) [attach] - receive request: doKeymap [ 'iPGJzPg==0' ]
2021-03-20T12:14:58.490 INFO (pid:22431) [attach] - receive request: doKeymap [ 'iPGJzPg==0' ]
2021-03-20T12:14:59.273 INFO (pid:22431) [completion-complete] - Results from: around
2021-03-20T12:15:03.538 INFO (pid:22431) [attach] - receive notification: stopCompletion []
2021-03-20T12:15:03.539 INFO (pid:22431) [attach] - receive request: doKeymap [ 'iPGJzPg==0' ]
2021-03-20T12:15:03.539 INFO (pid:22431) [attach] - receive notification: stopCompletion []
2021-03-20T12:15:03.703 INFO (pid:22431) [attach] - receive request: doKeymap [ 'iPGJzPg==0' ]
2021-03-20T12:15:03.931 INFO (pid:22431) [attach] - receive request: doKeymap [ 'iPGJzPg==0' ]
2021-03-20T12:15:04.080 INFO (pid:22431) [attach] - receive request: doKeymap [ 'iPGJzPg==0' ]
2021-03-20T12:15:04.211 INFO (pid:22431) [attach] - receive request: doKeymap [ 'iPGJzPg==0' ]
2021-03-20T12:31:59.513 INFO (pid:22431) [completion-complete] - Results from: file
2021-03-20T12:32:00.742 INFO (pid:22431) [completion-complete] - Results from: around
2021-03-20T12:32:04.970 INFO (pid:22431) [completion-complete] - Results from: around
2021-03-20T12:32:05.842 INFO (pid:22431) [attach] - receive request: doKeymap [ 'iPGJzPg==0' ]
2021-03-20T12:32:09.783 INFO (pid:22431) [completion-complete] - Results from: around
2021-03-20T12:32:13.809 INFO (pid:22431) [completion-complete] - Results from: around
2021-03-20T12:32:19.268 INFO (pid:22431) [completion-complete] - Results from: around
2021-03-20T12:32:19.310 INFO (pid:22431) [attach] - receive notification: stopCompletion []
2021-03-20T12:32:20.050 INFO (pid:22431) [completion-complete] - Results from: around
2021-03-20T12:32:20.275 INFO (pid:22431) [attach] - receive notification: stopCompletion []
2021-03-20T12:32:20.556 INFO (pid:22431) [completion-complete] - Results from: around
2021-03-20T12:32:20.785 INFO (pid:22431) [completion-complete] - Results from: around
2021-03-20T12:32:20.999 INFO (pid:22431) [completion-complete] - Results from: around
2021-03-20T12:32:21.208 INFO (pid:22431) [completion-complete] - Results from: around
2021-03-20T12:32:21.407 INFO (pid:22431) [completion-complete] - Results from: around
2021-03-20T12:32:22.114 INFO (pid:22431) [completion-complete] - Results from: around
2021-03-20T12:32:22.784 INFO (pid:22431) [completion-complete] - Results from: around
2021-03-20T12:32:22.929 INFO (pid:22431) [completion-complete] - Results from: around
2021-03-20T12:32:25.696 INFO (pid:22431) [completion-complete] - Results from: around
2021-03-20T12:32:25.892 INFO (pid:22431) [attach] - receive notification: stopCompletion []
2021-03-20T12:32:26.173 INFO (pid:22431) [completion-complete] - Results from: around
2021-03-20T12:32:26.419 INFO (pid:22431) [completion-complete] - Results from: around
2021-03-20T12:32:27.227 INFO (pid:22431) [attach] - receive request: doKeymap [ 'iPGJzPg==0' ]
2021-03-20T12:32:28.867 INFO (pid:22431) [attach] - receive request: doKeymap [ 'iPGJzPg==0' ]
2021-03-20T12:32:29.012 INFO (pid:22431) [attach] - receive request: doKeymap [ 'iPGJzPg==0' ]
2021-03-20T12:32:29.158 INFO (pid:22431) [attach] - receive request: doKeymap [ 'iPGJzPg==0' ]
2021-03-20T12:32:29.988 INFO (pid:22431) [completion-complete] - Results from: around
2021-03-20T12:32:34.969 INFO (pid:22431) [completion-complete] - Results from: around
2021-03-20T12:32:36.329 INFO (pid:22431) [completion-complete] - Results from: around
2021-03-20T12:32:39.760 INFO (pid:22431) [attach] - receive notification: stopCompletion []
2021-03-20T12:32:40.639 INFO (pid:22431) [attach] - receive request: doKeymap [ 'iXQ==0' ]
2021-03-20T12:32:41.213 INFO (pid:22431) [attach] - receive request: doKeymap [ 'iPGJzPg==0' ]
2021-03-20T12:32:46.238 INFO (pid:22431) [completion-complete] - Results from: around
2021-03-20T12:32:52.087 INFO (pid:22431) [attach] - receive notification: stopCompletion []
2021-03-20T12:32:52.087 INFO (pid:22431) [attach] - receive request: doKeymap [ 'iKA==0' ]
2021-03-20T12:32:52.088 INFO (pid:22431) [attach] - receive notification: stopCompletion []
2021-03-20T12:32:53.643 INFO (pid:22431) [attach] - receive request: doKeymap [ 'ifQ==0' ]
2021-03-20T12:32:54.692 INFO (pid:22431) [attach] - receive request: doKeymap [ 'iPGJzPg==0' ]
2021-03-20T12:32:55.182 INFO (pid:22431) [attach] - receive request: doKeymap [ 'iew==0' ]
2021-03-20T12:33:01.750 INFO (pid:22431) [attach] - receive request: doKeymap [ 'iPGJzPg==0' ]
2021-03-20T12:33:03.061 INFO (pid:22431) [attach] - receive request: doKeymap [ 'iPGJzPg==0' ]
2021-03-20T12:33:08.526 INFO (pid:22431) [completion-complete] - Results from: around
2021-03-20T12:33:10.205 INFO (pid:22431) [attach] - receive request: doKeymap [ 'iPA==0' ]
2021-03-20T12:33:10.402 INFO (pid:22431) [attach] - receive request: doKeymap [ 'iPA==0' ]
2021-03-20T12:33:12.761 INFO (pid:22431) [attach] - receive request: doKeymap [ 'iIg==0' ]
2021-03-20T12:33:14.720 INFO (pid:22431) [completion-complete] - Results from: around
2021-03-20T12:33:14.981 INFO (pid:22431) [completion-complete] - Results from: around
2021-03-20T12:33:17.173 INFO (pid:22431) [attach] - receive notification: stopCompletion []
2021-03-20T12:33:17.701 INFO (pid:22431) [completion-complete] - Results from: around
2021-03-20T12:33:18.435 INFO (pid:22431) [completion-complete] - Results from: around
2021-03-20T12:33:18.685 INFO (pid:22431) [completion-complete] - Results from: around
2021-03-20T12:33:19.431 INFO (pid:22431) [completion-complete] - Results from: around
2021-03-20T12:33:24.597 INFO (pid:22431) [completion-complete] - Results from: around
2021-03-20T12:33:25.894 INFO (pid:22431) [attach] - receive notification: stopCompletion []
2021-03-20T12:33:25.895 INFO (pid:22431) [attach] - receive request: doKeymap [ 'iKA==0' ]
2021-03-20T12:33:25.895 INFO (pid:22431) [attach] - receive notification: stopCompletion []
2021-03-20T12:33:26.021 INFO (pid:22431) [attach] - receive request: doKeymap [ 'iKQ==0' ]
2021-03-20T12:33:32.839 INFO (pid:22431) [attach] - receive request: doKeymap [ 'iPA==0' ]
2021-03-20T12:33:33.003 INFO (pid:22431) [attach] - receive request: doKeymap [ 'iPA==0' ]
2021-03-20T12:33:33.899 INFO (pid:22431) [completion-complete] - Results from: around
2021-03-20T12:33:38.238 INFO (pid:22431) [completion-complete] - Results from: around
2021-03-20T12:33:40.206 INFO (pid:22431) [attach] - receive notification: stopCompletion []
2021-03-20T12:33:40.207 INFO (pid:22431) [attach] - receive request: doKeymap [ 'iKA==0' ]
2021-03-20T12:33:40.207 INFO (pid:22431) [attach] - receive notification: stopCompletion []
2021-03-20T12:33:40.304 INFO (pid:22431) [attach] - receive request: doKeymap [ 'iKQ==0' ]
2021-03-20T12:33:43.794 INFO (pid:22431) [attach] - receive request: doKeymap [ 'iPA==0' ]
2021-03-20T12:33:43.958 INFO (pid:22431) [attach] - receive request: doKeymap [ 'iPA==0' ]
2021-03-20T12:33:45.252 INFO (pid:22431) [attach] - receive request: doKeymap [ 'iIg==0' ]
2021-03-20T12:33:48.193 INFO (pid:22431) [completion-complete] - Results from: around
2021-03-20T12:33:55.263 INFO (pid:22431) [completion-complete] - Results from: around
2021-03-20T12:33:57.942 INFO (pid:22431) [attach] - receive notification: stopCompletion []
2021-03-20T12:33:58.606 INFO (pid:22431) [attach] - receive request: doKeymap [ 'iPGJzPg==0' ]
2021-03-20T12:33:59.539 INFO (pid:22431) [attach] - receive request: doKeymap [ 'iKA==0' ]
2021-03-20T12:34:01.600 INFO (pid:22431) [completion-complete] - Results from: around
2021-03-20T12:34:08.134 INFO (pid:22431) [completion-complete] - Results from: file
2021-03-20T12:34:09.069 INFO (pid:22431) [completion-complete] - Results from: around
2021-03-20T12:34:10.098 INFO (pid:22431) [completion-complete] - Results from: around
2021-03-20T12:34:11.678 INFO (pid:22431) [attach] - receive notification: stopCompletion []
2021-03-20T12:34:11.679 INFO (pid:22431) [attach] - receive request: doKeymap [ 'iPGJzPg==0' ]
2021-03-20T12:34:11.679 INFO (pid:22431) [attach] - receive notification: stopCompletion []
2021-03-20T12:34:12.055 INFO (pid:22431) [completion-complete] - Results from: around
2021-03-20T12:34:12.613 INFO (pid:22431) [attach] - receive request: doKeymap [ 'iPGJzPg==0' ]
2021-03-20T12:34:13.007 INFO (pid:22431) [completion-complete] - Results from: around
2021-03-20T12:34:13.150 INFO (pid:22431) [attach] - receive notification: stopCompletion []
2021-03-20T12:34:13.662 INFO (pid:22431) [attach] - receive request: doKeymap [ 'iPGJzPg==0' ]
2021-03-20T12:34:13.793 INFO (pid:22431) [attach] - receive request: doKeymap [ 'iPGJzPg==0' ]
2021-03-20T12:34:14.104 INFO (pid:22431) [completion-complete] - Results from: around
2021-03-20T12:34:14.464 INFO (pid:22431) [completion-complete] - Results from: around
2021-03-20T12:34:14.744 INFO (pid:22431) [attach] - receive request: doKeymap [ 'iPGJzPg==0' ]
2021-03-20T12:34:14.891 INFO (pid:22431) [attach] - receive request: doKeymap [ 'iPGJzPg==0' ]
2021-03-20T12:34:15.973 INFO (pid:22431) [completion-complete] - Results from: around
2021-03-20T12:34:20.202 INFO (pid:22431) [completion-complete] - Results from: around
2021-03-20T12:34:20.546 INFO (pid:22431) [completion-complete] - Results from: around
2021-03-20T12:34:23.887 INFO (pid:22431) [completion-complete] - Results from: around
2021-03-20T12:34:25.001 INFO (pid:22431) [attach] - receive notification: stopCompletion []
2021-03-20T12:34:25.708 INFO (pid:22431) [completion-complete] - Results from: around
2021-03-20T12:34:26.576 INFO (pid:22431) [completion-complete] - Results from: around
2021-03-20T12:34:26.907 INFO (pid:22431) [attach] - receive request: doKeymap [ 'iPGJzPg==0' ]
2021-03-20T12:34:27.314 INFO (pid:22431) [completion-complete] - Results from: around
2021-03-20T12:34:27.825 INFO (pid:22431) [attach] - receive request: doKeymap [ 'iPGJzPg==0' ]
2021-03-20T12:34:28.134 INFO (pid:22431) [completion-complete] - Results from: around
2021-03-20T12:34:28.313 INFO (pid:22431) [completion-complete] - Results from: around
2021-03-20T12:34:28.711 INFO (pid:22431) [attach] - receive request: doKeymap [ 'iPGJzPg==0' ]
2021-03-20T12:34:28.874 INFO (pid:22431) [attach] - receive request: doKeymap [ 'iPGJzPg==0' ]
2021-03-20T12:34:29.886 INFO (pid:22431) [completion-complete] - Results from: around
2021-03-20T12:34:30.120 INFO (pid:22431) [attach] - receive request: doKeymap [ 'iPGJzPg==0' ]
2021-03-20T12:34:30.426 INFO (pid:22431) [completion-complete] - Results from: around
2021-03-20T12:34:30.641 INFO (pid:22431) [completion-complete] - Results from: around
2021-03-20T12:34:33.995 INFO (pid:22431) [completion-complete] - Results from: around
2021-03-20T12:34:36.086 INFO (pid:22431) [attach] - receive request: doKeymap [ 'iPA==0' ]
2021-03-20T12:34:36.252 INFO (pid:22431) [attach] - receive request: doKeymap [ 'iPA==0' ]
2021-03-20T12:34:52.038 INFO (pid:22431) [attach] - receive notification: highlight []
2021-03-20T12:34:53.984 INFO (pid:22431) [attach] - receive request: CocAutocmd [ 'BufWritePre', 1 ]
2021-03-20T12:34:54.118 INFO (pid:22431) [attach] - receive notification: highlight []
